<?xml version="1.0" encoding="UTF-8"?>
<!-- Generated by org.testng.reporters.JUnitReportReporter -->
<testsuite hostname="DESKTOP-6KCCC2T" failures="0" tests="1" name="assignmentMaven.Hw_NichethyselfLogin" time="5.671" errors="0" timestamp="2023-06-18T19:32:15 IST" skipped="0">
  <testcase classname="assignmentMaven.Hw_NichethyselfLogin" name="nTLoginTestNGTest" time="5.671"/>
  <system-out/>
</testsuite> <!-- assignmentMaven.Hw_NichethyselfLogin -->
